<?xml version="1.0" encoding="UTF-8" ?>
<testsuite tests="1" failures="0" name="TestRunner.testRunnerTest" time="25.57" errors="0" skipped="0">
  <properties>
    <property name="PROCESSOR_ARCHITECTURE" value="AMD64"/>
    <property name="LOGONSERVER" value="\\LAPTOP-K1O81CJR"/>
    <property name="native.encoding" value="Cp1252"/>
    <property name="ProgramData" value="C:\ProgramData"/>
    <property name="java.home" value="C:\Program Files\Java\jdk-17.0.1"/>
    <property name="NODE_NAME" value="built-in"/>
    <property name="JENKINS_URL" value="http://localhost:8080/"/>
    <property name="ALLUSERSPROFILE" value="C:\ProgramData"/>
    <property name="PSModulePath" value="C:\Program Files\WindowsPowerShell\Modules;C:\WINDOWS\system32\WindowsPowerShell\v1.0\Modules"/>
    <property name="=::" value="::\"/>
    <property name="USERDOMAIN" value="LAPTOP-K1O81CJR"/>
    <property name="sun.os.patch.level" value=""/>
    <property name="java.vendor.url" value="https://java.oracle.com/"/>
    <property name="CommonProgramFiles(x86)" value="C:\Program Files (x86)\Common Files"/>
    <property name="java.version" value="17.0.1"/>
    <property name="JOB_NAME" value="NopCommerce_001_Cucumber"/>
    <property name="COMPUTERNAME" value="LAPTOP-K1O81CJR"/>
    <property name="PyCharm" value="C:\Program Files\JetBrains\PyCharm 2019.3.2\bin;"/>
    <property name="java.vendor.url.bug" value="https://bugreport.java.com/bugreport/"/>
    <property name="PUBLIC" value="C:\Users\Public"/>
    <property name="java.version.date" value="2021-10-19"/>
    <property name="jdk.debug" value="release"/>
    <property name="user.name" value="dumit"/>
    <property name="sun.io.unicode.encoding" value="UnicodeLittle"/>
    <property name="sun.jnu.encoding" value="Cp1252"/>
    <property name="java.runtime.name" value="Java(TM) SE Runtime Environment"/>
    <property name="windir" value="C:\WINDOWS"/>
    <property name="PROCESSOR_IDENTIFIER" value="Intel64 Family 6 Model 78 Stepping 3, GenuineIntel"/>
    <property name="java.specification.name" value="Java Platform API Specification"/>
    <property name="LOCALAPPDATA" value="C:\Users\dumit\AppData\Local"/>
    <property name="RUN_CHANGES_DISPLAY_URL" value="http://localhost:8080/job/NopCommerce_001_Cucumber/5/display/redirect?page=changes"/>
    <property name="user.timezone" value="America/Chicago"/>
    <property name="user.script" value=""/>
    <property name="path.separator" value=";"/>
    <property name="NUMBER_OF_PROCESSORS" value="4"/>
    <property name="BUILD_TAG" value="jenkins-NopCommerce_001_Cucumber-5"/>
    <property name="file.encoding" value="Cp1252"/>
    <property name="sun.java.command" value="jenkins.maven3.agent.Maven35Main C:\Maven\apache-maven-3.8.4-bin (1)\apache-maven-3.8.4 C:\Users\dumit\.jenkins\war\WEB-INF\lib\remoting-3044.vb_940a_a_e4f72e.jar C:\Users\dumit\.jenkins\plugins\maven-plugin\WEB-INF\lib\maven35-interceptor-1.14.jar C:\Users\dumit\.jenkins\plugins\maven-plugin\WEB-INF\lib\maven3-interceptor-commons-1.14.jar 50743"/>
    <property name="HUDSON_URL" value="http://localhost:8080/"/>
    <property name="JENKINS_SERVER_COOKIE" value="096c282591e9260c"/>
    <property name="EXECUTOR_NUMBER" value="1"/>
    <property name="Path" value="C:\Program Files\Java\jdk-17.0.1/bin;C:\Python310\Scripts\;C:\Python310\;C:\Program Files\Common Files\Oracle\Java\javapath;C:\Program Files (x86)\Common Files\Oracle\Java\javapath;C:\Program Files (x86)\Intel\iCLS Client\;C:\Program Files\Intel\iCLS Client\;C:\WINDOWS\system32;C:\WINDOWS;C:\WINDOWS\System32\Wbem;C:\WINDOWS\System32\WindowsPowerShell\v1.0\;C:\Program Files (x86)\Skype\Phone\;C:\Program Files (x86)\Intel\Intel(R) Management Engine Components\DAL;C:\Program Files\Intel\Intel(R) Management Engine Components\DAL;C:\Program Files (x86)\Intel\Intel(R) Management Engine Components\IPT;C:\Program Files\Intel\Intel(R) Management Engine Components\IPT;C:\WINDOWS\System32\OpenSSH\;C:\Program Files\Intel\WiFi\bin\;C:\Program Files\Common Files\Intel\WirelessCommon\;C:\Program Files\Java\jdk-17.0.1\bin;C:\Users\dumit\AppData\Local\Programs\Python\Python310\Scripts;C:\Program Files\Java\jdk-17.0.1\bin;C:\Maven\apache-maven-3.8.4-bin (1)\apache-maven-3.8.4\bin;C:\Gradle\gradle-7.3.3-all\gradle-7.3.3\bin;C:\Program Files\nodejs\;C:\ProgramData\chocolatey\bin;C:\Program Files (x86)\dotnet\;C:\Maven\apache-maven-3.8.4-bin (1)\apache-maven-3.8.4\bin;%MAVEN_HOME%;C:\Users\dumit\AppData\Local\Programs\Python\Python310\Scripts\;C:\Users\dumit\AppData\Local\Programs\Python\Python310\;C:\Users\dumit\AppData\Local\Microsoft\WindowsApps;;C:\Program Files\JetBrains\PyCharm 2019.3.2\bin;;C:\Program Files\JetBrains\PyCharm Community Edition 2021.3.1\bin;"/>
    <property name="java.io.tmpdir" value="C:\Users\dumit\AppData\Local\Temp\"/>
    <property name="APPDATA" value="C:\Users\dumit\AppData\Roaming"/>
    <property name="user.language" value="en"/>
    <property name="line.separator" value="
"/>
    <property name="BUILD_URL" value="http://localhost:8080/job/NopCommerce_001_Cucumber/5/"/>
    <property name="M2_HOME" value="C:\Maven\apache-maven-3.8.4-bin (1)\apache-maven-3.8.4"/>
    <property name="=C:" value="C:\Jenkins"/>
    <property name="java.vm.info" value="mixed mode, sharing"/>
    <property name="DriverData" value="C:\Windows\System32\Drivers\DriverData"/>
    <property name="java.vm.specification.name" value="Java Virtual Machine Specification"/>
    <property name="CI" value="true"/>
    <property name="BUILD_DISPLAY_NAME" value="#5"/>
    <property name="OS" value="Windows_NT"/>
    <property name="guice.disable.misplaced.annotation.check" value="true"/>
    <property name="HUDSON_SERVER_COOKIE" value="096c282591e9260c"/>
    <property name="WORKSPACE_TMP" value="C:\Users\dumit\.jenkins\workspace\NopCommerce_001_Cucumber@tmp"/>
    <property name="SESSIONNAME" value="Console"/>
    <property name="PATHEXT" value=".COM;.EXE;.BAT;.CMD;.VBS;.VBE;.JS;.JSE;.WSF;.WSH;.MSC;.PY;.PYW"/>
    <property name="maven3.interceptor.common" value="C:\Users\dumit\.jenkins\plugins\maven-plugin\WEB-INF\lib\maven3-interceptor-commons-1.14.jar"/>
    <property name="CLASSPATH" value=""/>
    <property name="MAVEN_Home" value="C:\Maven\apache-maven-3.8.4-bin (1)\apache-maven-3.8.4"/>
    <property name="jansi.mode" value="strip"/>
    <property name="PyCharm Community Edition" value="C:\Program Files\JetBrains\PyCharm Community Edition 2021.3.1\bin;"/>
    <property name="HOMEPATH" value="\Users\dumit"/>
    <property name="os.name" value="Windows 10"/>
    <property name="java.specification.vendor" value="Oracle Corporation"/>
    <property name="BUILD_NUMBER" value="5"/>
    <property name="java.vm.name" value="Java HotSpot(TM) 64-Bit Server VM"/>
    <property name="maven3.interceptor" value="C:\Users\dumit\.jenkins\plugins\maven-plugin\WEB-INF\lib\maven35-interceptor-1.14.jar"/>
    <property name="java.library.path" value="C:\Program Files\Java\jdk-17.0.1\bin;C:\WINDOWS\Sun\Java\bin;C:\WINDOWS\system32;C:\WINDOWS;C:\Maven\apache-maven-3.8.4-bin (1)\apache-maven-3.8.4/bin;C:\Program Files\Java\jdk-17.0.1/bin;C:\Program Files\Java\jdk-17.0.1/bin;C:\Python310\Scripts\;C:\Python310\;C:\Program Files\Common Files\Oracle\Java\javapath;C:\Program Files (x86)\Common Files\Oracle\Java\javapath;C:\Program Files (x86)\Intel\iCLS Client\;C:\Program Files\Intel\iCLS Client\;C:\WINDOWS\system32;C:\WINDOWS;C:\WINDOWS\System32\Wbem;C:\WINDOWS\System32\WindowsPowerShell\v1.0\;C:\Program Files (x86)\Skype\Phone\;C:\Program Files (x86)\Intel\Intel(R) Management Engine Components\DAL;C:\Program Files\Intel\Intel(R) Management Engine Components\DAL;C:\Program Files (x86)\Intel\Intel(R) Management Engine Components\IPT;C:\Program Files\Intel\Intel(R) Management Engine Components\IPT;C:\WINDOWS\System32\OpenSSH\;C:\Program Files\Intel\WiFi\bin\;C:\Program Files\Common Files\Intel\WirelessCommon\;C:\Program Files\Java\jdk-17.0.1\bin;C:\Users\dumit\AppData\Local\Programs\Python\Python310\Scripts;C:\Program Files\Java\jdk-17.0.1\bin;C:\Maven\apache-maven-3.8.4-bin (1)\apache-maven-3.8.4\bin;C:\Gradle\gradle-7.3.3-all\gradle-7.3.3\bin;C:\Program Files\nodejs\;C:\ProgramData\chocolatey\bin;C:\Program Files (x86)\dotnet\;C:\Maven\apache-maven-3.8.4-bin (1)\apache-maven-3.8.4\bin;%MAVEN_HOME%;C:\Users\dumit\AppData\Local\Programs\Python\Python310\Scripts\;C:\Users\dumit\AppData\Local\Programs\Python\Python310\;C:\Users\dumit\AppData\Local\Microsoft\WindowsApps;;C:\Program Files\JetBrains\PyCharm 2019.3.2\bin;;C:\Program Files\JetBrains\PyCharm Community Edition 2021.3.1\bin;;."/>
    <property name="HOMEDRIVE" value="C:"/>
    <property name="POM_GROUPID" value="org.example"/>
    <property name="POM_ARTIFACTID" value="Revision"/>
    <property name="java.class.version" value="61.0"/>
    <property name="JOB_URL" value="http://localhost:8080/job/NopCommerce_001_Cucumber/"/>
    <property name="platformcode" value="KV"/>
    <property name="OneDrive" value="C:\Users\dumit\OneDrive"/>
    <property name="RUN_DISPLAY_URL" value="http://localhost:8080/job/NopCommerce_001_Cucumber/5/display/redirect"/>
    <property name="JENKINS_HOME" value="C:\Users\dumit\.jenkins"/>
    <property name="BUILD_ID" value="5"/>
    <property name="TEMP" value="C:\Users\dumit\AppData\Local\Temp"/>
    <property name="sun.boot.library.path" value="C:\Program Files\Java\jdk-17.0.1\bin"/>
    <property name="sun.management.compiler" value="HotSpot 64-Bit Tiered Compilers"/>
    <property name="user.variant" value=""/>
    <property name="PROCESSOR_REVISION" value="4e03"/>
    <property name="POM_VERSION" value="1.0-SNAPSHOT"/>
    <property name="HUDSON_HOME" value="C:\Users\dumit\.jenkins"/>
    <property name="ProgramFiles(x86)" value="C:\Program Files (x86)"/>
    <property name="PATH+MAVEN" value="C:\Maven\apache-maven-3.8.4-bin (1)\apache-maven-3.8.4/bin"/>
    <property name="USERDOMAIN_ROAMINGPROFILE" value="LAPTOP-K1O81CJR"/>
    <property name="RUN_ARTIFACTS_DISPLAY_URL" value="http://localhost:8080/job/NopCommerce_001_Cucumber/5/display/redirect?page=artifacts"/>
    <property name="PROMPT" value="$P$G"/>
    <property name="java.vm.specification.version" value="17"/>
    <property name="JAVA_HOME" value="C:\Program Files\Java\jdk-17.0.1"/>
    <property name="NODE_LABELS" value="built-in"/>
    <property name="sun.cpu.isalist" value="amd64"/>
    <property name="USERPROFILE" value="C:\Users\dumit"/>
    <property name="java.vm.compressedOopsMode" value="Zero based"/>
    <property name="asl.log" value="Destination=file"/>
    <property name="JOB_DISPLAY_URL" value="http://localhost:8080/job/NopCommerce_001_Cucumber/display/redirect"/>
    <property name="os.version" value="10.0"/>
    <property name="user.home" value="C:\Users\dumit"/>
    <property name="USERNAME" value="dumit"/>
    <property name="java.vm.vendor" value="Oracle Corporation"/>
    <property name="PROCESSOR_LEVEL" value="6"/>
    <property name="CommonProgramW6432" value="C:\Program Files\Common Files"/>
    <property name="user.dir" value="C:\Users\dumit\IdeaProjects\NopCommerce_001_Cucumber"/>
    <property name="maven.conf" value="C:\Maven\apache-maven-3.8.4-bin (1)\apache-maven-3.8.4\conf"/>
    <property name="ProgramW6432" value="C:\Program Files"/>
    <property name="TMP" value="C:\Users\dumit\AppData\Local\Temp"/>
    <property name="sun.cpu.endian" value="little"/>
    <property name="SystemDrive" value="C:"/>
    <property name="java.vm.version" value="17.0.1+12-LTS-39"/>
    <property name="java.class.path" value="C:\Users\dumit\.jenkins\plugins\maven-plugin\WEB-INF\lib\maven35-agent-1.14.jar;C:\Maven\apache-maven-3.8.4-bin (1)\apache-maven-3.8.4\boot\plexus-classworlds-2.6.0.jar;C:\Maven\apache-maven-3.8.4-bin (1)\apache-maven-3.8.4/conf/logging"/>
    <property name="org.slf4j.simpleLogger.defaultLogLevel" value="info"/>
    <property name="os.arch" value="amd64"/>
    <property name="RegionCode" value="NA"/>
    <property name="OneDriveConsumer" value="C:\Users\dumit\OneDrive"/>
    <property name="WORKSPACE" value="C:\Users\dumit\.jenkins\workspace\NopCommerce_001_Cucumber"/>
    <property name="ComSpec" value="C:\WINDOWS\system32\cmd.exe"/>
    <property name="RUN_TESTS_DISPLAY_URL" value="http://localhost:8080/job/NopCommerce_001_Cucumber/5/display/redirect?page=tests"/>
    <property name="sun.java.launcher" value="SUN_STANDARD"/>
    <property name="FPS_BROWSER_APP_PROFILE_STRING" value="Internet Explorer"/>
    <property name="SystemRoot" value="C:\WINDOWS"/>
    <property name="CommonProgramFiles" value="C:\Program Files\Common Files"/>
    <property name="java.vm.specification.vendor" value="Oracle Corporation"/>
    <property name="FPS_BROWSER_USER_PROFILE_STRING" value="Default"/>
    <property name="file.separator" value="\"/>
    <property name="ChocolateyInstall" value="C:\ProgramData\chocolatey"/>
    <property name="java.runtime.version" value="17.0.1+12-LTS-39"/>
    <property name="ProgramFiles" value="C:\Program Files"/>
    <property name="OnlineServices" value="Online Services"/>
    <property name="PATH+JDK" value="C:\Program Files\Java\jdk-17.0.1/bin"/>
    <property name="=ExitCode" value="C000013A"/>
    <property name="user.country" value="US"/>
    <property name="POM_PACKAGING" value="jar"/>
    <property name="maven.home" value="C:\Maven\apache-maven-3.8.4-bin (1)\apache-maven-3.8.4"/>
    <property name="JOB_BASE_NAME" value="NopCommerce_001_Cucumber"/>
    <property name="java.vendor" value="Oracle Corporation"/>
    <property name="java.specification.version" value="17"/>
    <property name="POM_DISPLAYNAME" value="Revision"/>
    <property name="sun.arch.data.model" value="64"/>
  </properties>
  <testcase classname="Customer" name="Search customer by EmailID" time="25.57"/>
</testsuite>